[0.006s] Invoking command in '/home/poom/Desktop/ROS2_MiniProject/ros2_ws/build/my_robot_interfaces': /usr/bin/cmake --build /home/poom/Desktop/ROS2_MiniProject/ros2_ws/build/my_robot_interfaces -- -j16 -l16
[0.025s] -- Found ament_cmake: 1.3.10 (/opt/ros/humble/share/ament_cmake/cmake)
[0.082s] -- Found rosidl_default_generators: 1.2.0 (/opt/ros/humble/share/rosidl_default_generators/cmake)
[0.083s] -- Using all available rosidl_typesupport_c: rosidl_typesupport_fastrtps_c;rosidl_typesupport_introspection_c
[0.084s] -- Found rosidl_adapter: 3.1.5 (/opt/ros/humble/share/rosidl_adapter/cmake)
[0.097s] -- Using all available rosidl_typesupport_cpp: rosidl_typesupport_fastrtps_cpp;rosidl_typesupport_introspection_cpp
[0.230s] Error parsing '/home/poom/Desktop/ROS2_MiniProject/ros2_ws/src/my_robot_interfaces/package.xml':
[0.311s] Traceback (most recent call last):
[0.311s]   File "/usr/lib/python3/dist-packages/catkin_pkg/package.py", line 610, in parse_package_string
[0.311s]     root = dom.parseString(data)
[0.311s]   File "/usr/lib/python3.10/xml/dom/minidom.py", line 2000, in parseString
[0.311s]     return expatbuilder.parseString(string)
[0.311s]   File "/usr/lib/python3.10/xml/dom/expatbuilder.py", line 925, in parseString
[0.311s]     return builder.parseString(string)
[0.311s]   File "/usr/lib/python3.10/xml/dom/expatbuilder.py", line 223, in parseString
[0.311s]     parser.Parse(string, True)
[0.311s] xml.parsers.expat.ExpatError: mismatched tag: line 23, column 2
[0.311s] 
[0.312s] During handling of the above exception, another exception occurred:
[0.312s] 
[0.312s] Traceback (most recent call last):
[0.312s]   File "/opt/ros/humble/share/ament_cmake_core/cmake/core/package_xml_2_cmake.py", line 150, in <module>
[0.312s]     main()
[0.312s]   File "/opt/ros/humble/share/ament_cmake_core/cmake/core/package_xml_2_cmake.py", line 53, in main
[0.312s]     raise e
[0.312s]   File "/opt/ros/humble/share/ament_cmake_core/cmake/core/package_xml_2_cmake.py", line 49, in main
[0.312s]     package = parse_package_string(
[0.312s]   File "/usr/lib/python3/dist-packages/catkin_pkg/package.py", line 612, in parse_package_string
[0.312s]     raise InvalidPackage('The manifest contains invalid XML:\n%s' % ex, filename)
[0.312s] catkin_pkg.package.InvalidPackage: Error(s) in package '/home/poom/Desktop/ROS2_MiniProject/ros2_ws/src/my_robot_interfaces/package.xml':
[0.312s] The manifest contains invalid XML:
[0.312s] mismatched tag: line 23, column 2
[0.317s] [31mCMake Error at /opt/ros/humble/share/ament_cmake_core/cmake/core/ament_package_xml.cmake:95 (message):
[0.317s]   execute_process(/usr/bin/python3
[0.317s]   /opt/ros/humble/share/ament_cmake_core/cmake/core/package_xml_2_cmake.py
[0.317s]   /home/poom/Desktop/ROS2_MiniProject/ros2_ws/src/my_robot_interfaces/package.xml
[0.318s]   /home/poom/Desktop/ROS2_MiniProject/ros2_ws/build/my_robot_interfaces/ament_cmake_core/package.cmake)
[0.318s]   returned error code 1
[0.318s] Call Stack (most recent call first):
[0.318s]   /opt/ros/humble/share/ament_cmake_core/cmake/core/ament_package_xml.cmake:49 (_ament_package_xml)
[0.318s]   /opt/ros/humble/share/rosidl_cmake/cmake/rosidl_generate_interfaces.cmake:226 (ament_package_xml)
[0.318s]   CMakeLists.txt:13 (rosidl_generate_interfaces)
[0.318s] 
[0.318s] [0m
[0.318s] -- Configuring incomplete, errors occurred!
[0.318s] See also "/home/poom/Desktop/ROS2_MiniProject/ros2_ws/build/my_robot_interfaces/CMakeFiles/CMakeOutput.log".
[0.320s] gmake: *** [Makefile:226: cmake_check_build_system] Error 1
[0.321s] Invoked command in '/home/poom/Desktop/ROS2_MiniProject/ros2_ws/build/my_robot_interfaces' returned '2': /usr/bin/cmake --build /home/poom/Desktop/ROS2_MiniProject/ros2_ws/build/my_robot_interfaces -- -j16 -l16
