[0.007s] Invoking command in '/home/poom/Desktop/ROS2_MiniProject/ros2_ws/build/my_cpp_pkg': CMAKE_PREFIX_PATH=${CMAKE_PREFIX_PATH}:/home/poom/Desktop/ROS2_MiniProject/ros2_ws/install/my_py_pkg:/home/poom/ros2_ws/install/my_py_pkg:/opt/ros/humble /usr/bin/cmake --build /home/poom/Desktop/ROS2_MiniProject/ros2_ws/build/my_cpp_pkg -- -j16 -l16
[0.046s] [  6%] [32mBuilding CXX object CMakeFiles/hw_status_publisher.dir/src/hw_status_publisher.cpp.o[0m
[0.047s] [ 18%] Built target Activity002_number_publisher
[0.048s] [ 43%] Built target smartphone
[0.048s] [ 56%] Built target add_two_ints_server
[0.048s] [ 56%] Built target robot_news_station
[0.048s] [ 68%] Built target cpp_node
[0.051s] [ 93%] Built target add_two_ints_client
[0.051s] [ 93%] Built target add_two_ints_client_no_oop
[0.155s] [01m[K/home/poom/Desktop/ROS2_MiniProject/ros2_ws/src/my_cpp_pkg/src/hw_status_publisher.cpp:2:10:[m[K [01;31m[Kfatal error: [m[Kmy_robot_interfaces/msg/hardware_status.hpp: No such file or directory
[0.155s]     2 | #include [01;31m[K"my_robot_interfaces/msg/hardware_status.hpp"[m[K
[0.155s]       |          [01;31m[K^~~~~~~~~~~~~~~~~~~~~~~~~~~~~~~~~~~~~~~~~~~~~[m[K
[0.155s] compilation terminated.
[0.157s] gmake[2]: *** [CMakeFiles/hw_status_publisher.dir/build.make:76: CMakeFiles/hw_status_publisher.dir/src/hw_status_publisher.cpp.o] Error 1
[0.157s] gmake[1]: *** [CMakeFiles/Makefile2:333: CMakeFiles/hw_status_publisher.dir/all] Error 2
[0.158s] gmake: *** [Makefile:146: all] Error 2
[0.159s] Invoked command in '/home/poom/Desktop/ROS2_MiniProject/ros2_ws/build/my_cpp_pkg' returned '2': CMAKE_PREFIX_PATH=${CMAKE_PREFIX_PATH}:/home/poom/Desktop/ROS2_MiniProject/ros2_ws/install/my_py_pkg:/home/poom/ros2_ws/install/my_py_pkg:/opt/ros/humble /usr/bin/cmake --build /home/poom/Desktop/ROS2_MiniProject/ros2_ws/build/my_cpp_pkg -- -j16 -l16
