[0.007s] Invoking command in '/home/poom/Desktop/ROS2_MiniProject/ros2_ws/build/my_cpp_pkg': CMAKE_PREFIX_PATH=/home/poom/Desktop/ROS2_MiniProject/ros2_ws/install/my_robot_interfaces:/home/poom/Desktop/ROS2_MiniProject/ros2_ws/install/my_cpp_pkg:/home/poom/ros2_ws/install/my_cpp_pkg:/home/poom/Desktop/ROS2_MiniProject/ros2_ws/install/my_py_pkg:/home/poom/ros2_ws/install/my_py_pkg:/opt/ros/humble /usr/bin/cmake --build /home/poom/Desktop/ROS2_MiniProject/ros2_ws/build/my_cpp_pkg -- -j16 -l16
[0.059s] [35m[1mConsolidate compiler generated dependencies of target Activity002_number_publisher[0m
[0.078s] [ 12%] Built target cpp_node
[0.078s] [ 25%] Built target add_two_ints_server
[0.078s] [ 37%] Built target add_two_ints_client_no_oop
[0.078s] [ 50%] Built target robot_news_station
[0.078s] [ 56%] [32mBuilding CXX object CMakeFiles/Activity002_number_publisher.dir/src/Activity002_number_publisher.cpp.o[0m
[0.078s] [ 68%] Built target smartphone
[0.079s] [ 81%] Built target add_two_ints_client
[0.081s] [ 93%] Built target hw_status_publisher
[2.343s] [100%] [32m[1mLinking CXX executable Activity002_number_publisher[0m
[3.682s] collect2: fatal error: ld terminated with signal 11 [Segmentation fault], core dumped
[3.682s] compilation terminated.
[3.684s] gmake[2]: *** [CMakeFiles/Activity002_number_publisher.dir/build.make:175: Activity002_number_publisher] Error 1
[3.684s] gmake[2]: *** Deleting file 'Activity002_number_publisher'
[3.684s] gmake[1]: *** [CMakeFiles/Makefile2:229: CMakeFiles/Activity002_number_publisher.dir/all] Error 2
[3.685s] gmake: *** [Makefile:146: all] Error 2
[3.691s] Invoked command in '/home/poom/Desktop/ROS2_MiniProject/ros2_ws/build/my_cpp_pkg' returned '2': CMAKE_PREFIX_PATH=/home/poom/Desktop/ROS2_MiniProject/ros2_ws/install/my_robot_interfaces:/home/poom/Desktop/ROS2_MiniProject/ros2_ws/install/my_cpp_pkg:/home/poom/ros2_ws/install/my_cpp_pkg:/home/poom/Desktop/ROS2_MiniProject/ros2_ws/install/my_py_pkg:/home/poom/ros2_ws/install/my_py_pkg:/opt/ros/humble /usr/bin/cmake --build /home/poom/Desktop/ROS2_MiniProject/ros2_ws/build/my_cpp_pkg -- -j16 -l16
