[0.008s] Invoking command in '/home/poom/Desktop/ROS2_MiniProject/ros2_ws/build/my_robot_interfaces': /usr/bin/cmake /home/poom/Desktop/ROS2_MiniProject/ros2_ws/src/my_robot_interfaces -DCMAKE_INSTALL_PREFIX=/home/poom/Desktop/ROS2_MiniProject/ros2_ws/install/my_robot_interfaces
[0.081s] -- The C compiler identification is GNU 11.4.0
[0.147s] -- The CXX compiler identification is GNU 11.4.0
[0.157s] -- Detecting C compiler ABI info
[0.203s] -- Detecting C compiler ABI info - done
[0.204s] -- Check for working C compiler: /usr/bin/cc - skipped
[0.204s] -- Detecting C compile features
[0.204s] -- Detecting C compile features - done
[0.208s] -- Detecting CXX compiler ABI info
[0.259s] -- Detecting CXX compiler ABI info - done
[0.264s] -- Check for working CXX compiler: /usr/bin/c++ - skipped
[0.264s] -- Detecting CXX compile features
[0.264s] -- Detecting CXX compile features - done
[0.269s] -- Found ament_cmake: 1.3.10 (/opt/ros/humble/share/ament_cmake/cmake)
[0.349s] -- Found Python3: /usr/bin/python3 (found version "3.10.12") found components: Interpreter 
[0.403s] -- Found rosidl_default_generators: 1.2.0 (/opt/ros/humble/share/rosidl_default_generators/cmake)
[0.407s] -- Using all available rosidl_typesupport_c: rosidl_typesupport_fastrtps_c;rosidl_typesupport_introspection_c
[0.412s] -- Found rosidl_adapter: 3.1.5 (/opt/ros/humble/share/rosidl_adapter/cmake)
[0.446s] -- Using all available rosidl_typesupport_cpp: rosidl_typesupport_fastrtps_cpp;rosidl_typesupport_introspection_cpp
[0.556s] Error parsing '/home/poom/Desktop/ROS2_MiniProject/ros2_ws/src/my_robot_interfaces/package.xml':
[0.577s] Traceback (most recent call last):
[0.578s]   File "/usr/lib/python3/dist-packages/catkin_pkg/package.py", line 610, in parse_package_string
[0.578s]     root = dom.parseString(data)
[0.578s]   File "/usr/lib/python3.10/xml/dom/minidom.py", line 2000, in parseString
[0.579s]     return expatbuilder.parseString(string)
[0.579s]   File "/usr/lib/python3.10/xml/dom/expatbuilder.py", line 925, in parseString
[0.580s]     return builder.parseString(string)
[0.580s]   File "/usr/lib/python3.10/xml/dom/expatbuilder.py", line 223, in parseString
[0.580s]     parser.Parse(string, True)
[0.580s] xml.parsers.expat.ExpatError: mismatched tag: line 24, column 2
[0.580s] 
[0.580s] During handling of the above exception, another exception occurred:
[0.580s] 
[0.580s] Traceback (most recent call last):
[0.580s]   File "/opt/ros/humble/share/ament_cmake_core/cmake/core/package_xml_2_cmake.py", line 150, in <module>
[0.580s]     main()
[0.580s]   File "/opt/ros/humble/share/ament_cmake_core/cmake/core/package_xml_2_cmake.py", line 53, in main
[0.580s]     raise e
[0.580s]   File "/opt/ros/humble/share/ament_cmake_core/cmake/core/package_xml_2_cmake.py", line 49, in main
[0.580s]     package = parse_package_string(
[0.580s]   File "/usr/lib/python3/dist-packages/catkin_pkg/package.py", line 612, in parse_package_string
[0.580s]     raise InvalidPackage('The manifest contains invalid XML:\n%s' % ex, filename)
[0.580s] catkin_pkg.package.InvalidPackage: Error(s) in package '/home/poom/Desktop/ROS2_MiniProject/ros2_ws/src/my_robot_interfaces/package.xml':
[0.580s] The manifest contains invalid XML:
[0.580s] mismatched tag: line 24, column 2
[0.586s] [31mCMake Error at /opt/ros/humble/share/ament_cmake_core/cmake/core/ament_package_xml.cmake:95 (message):
[0.586s]   execute_process(/usr/bin/python3
[0.586s]   /opt/ros/humble/share/ament_cmake_core/cmake/core/package_xml_2_cmake.py
[0.586s]   /home/poom/Desktop/ROS2_MiniProject/ros2_ws/src/my_robot_interfaces/package.xml
[0.586s]   /home/poom/Desktop/ROS2_MiniProject/ros2_ws/build/my_robot_interfaces/ament_cmake_core/package.cmake)
[0.587s]   returned error code 1
[0.587s] Call Stack (most recent call first):
[0.587s]   /opt/ros/humble/share/ament_cmake_core/cmake/core/ament_package_xml.cmake:49 (_ament_package_xml)
[0.587s]   /opt/ros/humble/share/rosidl_cmake/cmake/rosidl_generate_interfaces.cmake:226 (ament_package_xml)
[0.587s]   CMakeLists.txt:12 (rosidl_generate_interfaces)
[0.587s] 
[0.587s] [0m
[0.587s] -- Configuring incomplete, errors occurred!
[0.587s] See also "/home/poom/Desktop/ROS2_MiniProject/ros2_ws/build/my_robot_interfaces/CMakeFiles/CMakeOutput.log".
[0.591s] Invoked command in '/home/poom/Desktop/ROS2_MiniProject/ros2_ws/build/my_robot_interfaces' returned '1': /usr/bin/cmake /home/poom/Desktop/ROS2_MiniProject/ros2_ws/src/my_robot_interfaces -DCMAKE_INSTALL_PREFIX=/home/poom/Desktop/ROS2_MiniProject/ros2_ws/install/my_robot_interfaces
